<?xml version="1.0" encoding="UTF-8"?>
<testng-results skipped="0" failed="0" total="2" passed="2">
  <reporter-output>
  </reporter-output>
  <suite name="Suite" duration-ms="29100" started-at="2019-03-01T00:36:46Z" finished-at="2019-03-01T00:37:15Z">
    <groups>
    </groups>
    <test name="Test" duration-ms="29100" started-at="2019-03-01T00:36:46Z" finished-at="2019-03-01T00:37:15Z">
      <class name="org.iit.mmp.mmp_iit.US_008_PatientFeeTest">
        <test-method status="PASS" signature="beforeTest()[pri:0, instance:org.iit.mmp.mmp_iit.US_008_PatientFeeTest@cc285f4]" name="beforeTest" is-config="true" duration-ms="100" started-at="2019-02-28T19:36:46Z" finished-at="2019-02-28T19:36:46Z">
          <reporter-output>
          </reporter-output>
        </test-method> <!-- beforeTest -->
        <test-method status="PASS" signature="invokeBrowser()[pri:0, instance:org.iit.mmp.mmp_iit.US_008_PatientFeeTest@cc285f4]" name="invokeBrowser" is-config="true" duration-ms="4803" started-at="2019-02-28T19:36:46Z" finished-at="2019-02-28T19:36:50Z">
          <reporter-output>
          </reporter-output>
        </test-method> <!-- invokeBrowser -->
        <test-method status="PASS" signature="adminFeeTest(java.lang.String, java.lang.String, java.lang.String)[pri:0, instance:org.iit.mmp.mmp_iit.US_008_PatientFeeTest@cc285f4]" name="adminFeeTest" duration-ms="8536" started-at="2019-02-28T19:36:50Z" finished-at="2019-02-28T19:36:59Z">
          <params>
            <param index="0">
              <value>
                <![CDATA[http://96.84.175.78/MMP-Release2-Admin-Build.2.1.000/index.php]]>
              </value>
            </param>
            <param index="1">
              <value>
                <![CDATA[Kevin_001]]>
              </value>
            </param>
            <param index="2">
              <value>
                <![CDATA[Kevin_002]]>
              </value>
            </param>
          </params>
          <reporter-output>
          </reporter-output>
        </test-method> <!-- adminFeeTest -->
        <test-method status="PASS" signature="patientFeeTest(java.lang.String, java.lang.String, java.lang.String)[pri:0, instance:org.iit.mmp.mmp_iit.US_008_PatientFeeTest@cc285f4]" name="patientFeeTest" duration-ms="9909" started-at="2019-02-28T19:36:59Z" finished-at="2019-02-28T19:37:09Z">
          <params>
            <param index="0">
              <value>
                <![CDATA[http://96.84.175.78/MMP-Release2-Integrated-Build.6.8.000/portal/login.php]]>
              </value>
            </param>
            <param index="1">
              <value>
                <![CDATA[ria1]]>
              </value>
            </param>
            <param index="2">
              <value>
                <![CDATA[Ria12345]]>
              </value>
            </param>
          </params>
          <reporter-output>
          </reporter-output>
        </test-method> <!-- patientFeeTest -->
        <test-method status="PASS" signature="afterTest()[pri:0, instance:org.iit.mmp.mmp_iit.US_008_PatientFeeTest@cc285f4]" name="afterTest" is-config="true" duration-ms="5728" started-at="2019-02-28T19:37:09Z" finished-at="2019-02-28T19:37:15Z">
          <reporter-output>
          </reporter-output>
        </test-method> <!-- afterTest -->
      </class> <!-- org.iit.mmp.mmp_iit.US_008_PatientFeeTest -->
    </test> <!-- Test -->
  </suite> <!-- Suite -->
</testng-results>
