<?xml version="1.0" encoding="UTF-8"?>
<!-- Generated by org.testng.reporters.JUnitXMLReporter -->
<testsuite hostname="MKAsusZenbook" name="Default test" tests="2" failures="0" timestamp="1 Mar 2019 00:31:37 GMT" time="9.85" errors="0">
  <testcase name="adminFeeTest" time="0.003" classname="org.iit.mmp.mmp_iit.US_008_PatientFeeTest">
    <skipped/>
  </testcase> <!-- adminFeeTest -->
  <testcase name="patientFeeTest" time="0.001" classname="org.iit.mmp.mmp_iit.US_008_PatientFeeTest">
    <skipped/>
  </testcase> <!-- patientFeeTest -->
</testsuite> <!-- Default test -->
